0 info it worked if it ends with ok
1 verbose cli [ '/usr/bin/nodejs', '/usr/bin/npm', 'install' ]
2 info using npm@1.3.10
3 info using node@v0.10.25
4 verbose readDependencies using package.json deps
5 verbose install where, deps [ '/home/karthik/5/hello_phoenix/hello_phoenix',
5 verbose install   [ 'babel-brunch',
5 verbose install     'brunch',
5 verbose install     'clean-css-brunch',
5 verbose install     'css-brunch',
5 verbose install     'javascript-brunch',
5 verbose install     'uglify-js-brunch',
5 verbose install     'phoenix',
5 verbose install     'phoenix_html' ] ]
6 info preinstall @
7 verbose readDependencies using package.json deps
8 verbose cache add [ 'babel-brunch@~6.0.0', null ]
9 verbose cache add name=undefined spec="babel-brunch@~6.0.0" args=["babel-brunch@~6.0.0",null]
10 verbose parsed url { protocol: null,
10 verbose parsed url   slashes: null,
10 verbose parsed url   auth: null,
10 verbose parsed url   host: null,
10 verbose parsed url   port: null,
10 verbose parsed url   hostname: null,
10 verbose parsed url   hash: null,
10 verbose parsed url   search: null,
10 verbose parsed url   query: null,
10 verbose parsed url   pathname: 'babel-brunch@~6.0.0',
10 verbose parsed url   path: 'babel-brunch@~6.0.0',
10 verbose parsed url   href: 'babel-brunch@~6.0.0' }
11 verbose cache add name="babel-brunch" spec="~6.0.0" args=["babel-brunch","~6.0.0"]
12 verbose parsed url { protocol: null,
12 verbose parsed url   slashes: null,
12 verbose parsed url   auth: null,
12 verbose parsed url   host: null,
12 verbose parsed url   port: null,
12 verbose parsed url   hostname: null,
12 verbose parsed url   hash: null,
12 verbose parsed url   search: null,
12 verbose parsed url   query: null,
12 verbose parsed url   pathname: '~6.0.0',
12 verbose parsed url   path: '~6.0.0',
12 verbose parsed url   href: '~6.0.0' }
13 verbose addNamed [ 'babel-brunch', '~6.0.0' ]
14 verbose addNamed [ null, '>=6.0.0-0 <6.1.0-0' ]
15 verbose cache add [ 'brunch@~2.1.3', null ]
16 verbose cache add name=undefined spec="brunch@~2.1.3" args=["brunch@~2.1.3",null]
17 verbose parsed url { protocol: null,
17 verbose parsed url   slashes: null,
17 verbose parsed url   auth: null,
17 verbose parsed url   host: null,
17 verbose parsed url   port: null,
17 verbose parsed url   hostname: null,
17 verbose parsed url   hash: null,
17 verbose parsed url   search: null,
17 verbose parsed url   query: null,
17 verbose parsed url   pathname: 'brunch@~2.1.3',
17 verbose parsed url   path: 'brunch@~2.1.3',
17 verbose parsed url   href: 'brunch@~2.1.3' }
18 verbose cache add name="brunch" spec="~2.1.3" args=["brunch","~2.1.3"]
19 verbose parsed url { protocol: null,
19 verbose parsed url   slashes: null,
19 verbose parsed url   auth: null,
19 verbose parsed url   host: null,
19 verbose parsed url   port: null,
19 verbose parsed url   hostname: null,
19 verbose parsed url   hash: null,
19 verbose parsed url   search: null,
19 verbose parsed url   query: null,
19 verbose parsed url   pathname: '~2.1.3',
19 verbose parsed url   path: '~2.1.3',
19 verbose parsed url   href: '~2.1.3' }
20 verbose addNamed [ 'brunch', '~2.1.3' ]
21 verbose addNamed [ null, '>=2.1.3-0 <2.2.0-0' ]
22 silly lockFile 6b74a846-babel-brunch-6-0-0 babel-brunch@~6.0.0
23 verbose lock babel-brunch@~6.0.0 /home/karthik/.npm/6b74a846-babel-brunch-6-0-0.lock
24 silly lockFile ae899708-brunch-2-1-3 brunch@~2.1.3
25 verbose lock brunch@~2.1.3 /home/karthik/.npm/ae899708-brunch-2-1-3.lock
26 verbose cache add [ 'css-brunch@~1.7.0', null ]
27 verbose cache add name=undefined spec="css-brunch@~1.7.0" args=["css-brunch@~1.7.0",null]
28 verbose parsed url { protocol: null,
28 verbose parsed url   slashes: null,
28 verbose parsed url   auth: null,
28 verbose parsed url   host: null,
28 verbose parsed url   port: null,
28 verbose parsed url   hostname: null,
28 verbose parsed url   hash: null,
28 verbose parsed url   search: null,
28 verbose parsed url   query: null,
28 verbose parsed url   pathname: 'css-brunch@~1.7.0',
28 verbose parsed url   path: 'css-brunch@~1.7.0',
28 verbose parsed url   href: 'css-brunch@~1.7.0' }
29 verbose cache add name="css-brunch" spec="~1.7.0" args=["css-brunch","~1.7.0"]
30 verbose parsed url { protocol: null,
30 verbose parsed url   slashes: null,
30 verbose parsed url   auth: null,
30 verbose parsed url   host: null,
30 verbose parsed url   port: null,
30 verbose parsed url   hostname: null,
30 verbose parsed url   hash: null,
30 verbose parsed url   search: null,
30 verbose parsed url   query: null,
30 verbose parsed url   pathname: '~1.7.0',
30 verbose parsed url   path: '~1.7.0',
30 verbose parsed url   href: '~1.7.0' }
31 verbose addNamed [ 'css-brunch', '~1.7.0' ]
32 verbose addNamed [ null, '>=1.7.0-0 <1.8.0-0' ]
33 silly lockFile 37226b7f-css-brunch-1-7-0 css-brunch@~1.7.0
34 verbose lock css-brunch@~1.7.0 /home/karthik/.npm/37226b7f-css-brunch-1-7-0.lock
35 verbose cache add [ 'javascript-brunch@~1.8.0', null ]
36 verbose cache add name=undefined spec="javascript-brunch@~1.8.0" args=["javascript-brunch@~1.8.0",null]
37 verbose parsed url { protocol: null,
37 verbose parsed url   slashes: null,
37 verbose parsed url   auth: null,
37 verbose parsed url   host: null,
37 verbose parsed url   port: null,
37 verbose parsed url   hostname: null,
37 verbose parsed url   hash: null,
37 verbose parsed url   search: null,
37 verbose parsed url   query: null,
37 verbose parsed url   pathname: 'javascript-brunch@~1.8.0',
37 verbose parsed url   path: 'javascript-brunch@~1.8.0',
37 verbose parsed url   href: 'javascript-brunch@~1.8.0' }
38 verbose cache add name="javascript-brunch" spec="~1.8.0" args=["javascript-brunch","~1.8.0"]
39 verbose parsed url { protocol: null,
39 verbose parsed url   slashes: null,
39 verbose parsed url   auth: null,
39 verbose parsed url   host: null,
39 verbose parsed url   port: null,
39 verbose parsed url   hostname: null,
39 verbose parsed url   hash: null,
39 verbose parsed url   search: null,
39 verbose parsed url   query: null,
39 verbose parsed url   pathname: '~1.8.0',
39 verbose parsed url   path: '~1.8.0',
39 verbose parsed url   href: '~1.8.0' }
40 verbose addNamed [ 'javascript-brunch', '~1.8.0' ]
41 verbose addNamed [ null, '>=1.8.0-0 <1.9.0-0' ]
42 silly lockFile e65a8e02-javascript-brunch-1-8-0 javascript-brunch@~1.8.0
43 verbose lock javascript-brunch@~1.8.0 /home/karthik/.npm/e65a8e02-javascript-brunch-1-8-0.lock
44 verbose cache add [ 'clean-css-brunch@~1.8.0', null ]
45 verbose cache add name=undefined spec="clean-css-brunch@~1.8.0" args=["clean-css-brunch@~1.8.0",null]
46 verbose parsed url { protocol: null,
46 verbose parsed url   slashes: null,
46 verbose parsed url   auth: null,
46 verbose parsed url   host: null,
46 verbose parsed url   port: null,
46 verbose parsed url   hostname: null,
46 verbose parsed url   hash: null,
46 verbose parsed url   search: null,
46 verbose parsed url   query: null,
46 verbose parsed url   pathname: 'clean-css-brunch@~1.8.0',
46 verbose parsed url   path: 'clean-css-brunch@~1.8.0',
46 verbose parsed url   href: 'clean-css-brunch@~1.8.0' }
47 verbose cache add name="clean-css-brunch" spec="~1.8.0" args=["clean-css-brunch","~1.8.0"]
48 verbose parsed url { protocol: null,
48 verbose parsed url   slashes: null,
48 verbose parsed url   auth: null,
48 verbose parsed url   host: null,
48 verbose parsed url   port: null,
48 verbose parsed url   hostname: null,
48 verbose parsed url   hash: null,
48 verbose parsed url   search: null,
48 verbose parsed url   query: null,
48 verbose parsed url   pathname: '~1.8.0',
48 verbose parsed url   path: '~1.8.0',
48 verbose parsed url   href: '~1.8.0' }
49 verbose addNamed [ 'clean-css-brunch', '~1.8.0' ]
50 verbose addNamed [ null, '>=1.8.0-0 <1.9.0-0' ]
51 silly lockFile ce351c63-clean-css-brunch-1-8-0 clean-css-brunch@~1.8.0
52 verbose lock clean-css-brunch@~1.8.0 /home/karthik/.npm/ce351c63-clean-css-brunch-1-8-0.lock
53 verbose cache add [ 'uglify-js-brunch@~1.7.0', null ]
54 verbose cache add name=undefined spec="uglify-js-brunch@~1.7.0" args=["uglify-js-brunch@~1.7.0",null]
55 verbose parsed url { protocol: null,
55 verbose parsed url   slashes: null,
55 verbose parsed url   auth: null,
55 verbose parsed url   host: null,
55 verbose parsed url   port: null,
55 verbose parsed url   hostname: null,
55 verbose parsed url   hash: null,
55 verbose parsed url   search: null,
55 verbose parsed url   query: null,
55 verbose parsed url   pathname: 'uglify-js-brunch@~1.7.0',
55 verbose parsed url   path: 'uglify-js-brunch@~1.7.0',
55 verbose parsed url   href: 'uglify-js-brunch@~1.7.0' }
56 verbose cache add name="uglify-js-brunch" spec="~1.7.0" args=["uglify-js-brunch","~1.7.0"]
57 verbose parsed url { protocol: null,
57 verbose parsed url   slashes: null,
57 verbose parsed url   auth: null,
57 verbose parsed url   host: null,
57 verbose parsed url   port: null,
57 verbose parsed url   hostname: null,
57 verbose parsed url   hash: null,
57 verbose parsed url   search: null,
57 verbose parsed url   query: null,
57 verbose parsed url   pathname: '~1.7.0',
57 verbose parsed url   path: '~1.7.0',
57 verbose parsed url   href: '~1.7.0' }
58 verbose addNamed [ 'uglify-js-brunch', '~1.7.0' ]
59 verbose addNamed [ null, '>=1.7.0-0 <1.8.0-0' ]
60 silly lockFile 1e79e113-uglify-js-brunch-1-7-0 uglify-js-brunch@~1.7.0
61 verbose lock uglify-js-brunch@~1.7.0 /home/karthik/.npm/1e79e113-uglify-js-brunch-1-7-0.lock
62 verbose cache add [ 'phoenix@file:deps/phoenix', null ]
63 verbose cache add name=undefined spec="phoenix@file:deps/phoenix" args=["phoenix@file:deps/phoenix",null]
64 verbose parsed url { protocol: null,
64 verbose parsed url   slashes: null,
64 verbose parsed url   auth: null,
64 verbose parsed url   host: null,
64 verbose parsed url   port: null,
64 verbose parsed url   hostname: null,
64 verbose parsed url   hash: null,
64 verbose parsed url   search: null,
64 verbose parsed url   query: null,
64 verbose parsed url   pathname: 'phoenix@file:deps/phoenix',
64 verbose parsed url   path: 'phoenix@file:deps/phoenix',
64 verbose parsed url   href: 'phoenix@file:deps/phoenix' }
65 verbose cache add name="phoenix" spec="file:deps/phoenix" args=["phoenix","file:deps/phoenix"]
66 verbose parsed url { protocol: 'file:',
66 verbose parsed url   slashes: null,
66 verbose parsed url   auth: null,
66 verbose parsed url   host: null,
66 verbose parsed url   port: null,
66 verbose parsed url   hostname: null,
66 verbose parsed url   hash: null,
66 verbose parsed url   search: null,
66 verbose parsed url   query: null,
66 verbose parsed url   pathname: 'deps/phoenix',
66 verbose parsed url   path: 'deps/phoenix',
66 verbose parsed url   href: 'file:deps/phoenix' }
67 verbose addNamed [ 'phoenix', 'file:deps/phoenix' ]
68 verbose addNamed [ null, null ]
69 silly lockFile 25706d37-phoenix-file-deps-phoenix phoenix@file:deps/phoenix
70 verbose lock phoenix@file:deps/phoenix /home/karthik/.npm/25706d37-phoenix-file-deps-phoenix.lock
71 verbose cache add [ 'phoenix_html@file:deps/phoenix_html', null ]
72 verbose cache add name=undefined spec="phoenix_html@file:deps/phoenix_html" args=["phoenix_html@file:deps/phoenix_html",null]
73 verbose parsed url { protocol: null,
73 verbose parsed url   slashes: null,
73 verbose parsed url   auth: null,
73 verbose parsed url   host: null,
73 verbose parsed url   port: null,
73 verbose parsed url   hostname: null,
73 verbose parsed url   hash: null,
73 verbose parsed url   search: null,
73 verbose parsed url   query: null,
73 verbose parsed url   pathname: 'phoenix_html@file:deps/phoenix_html',
73 verbose parsed url   path: 'phoenix_html@file:deps/phoenix_html',
73 verbose parsed url   href: 'phoenix_html@file:deps/phoenix_html' }
74 verbose cache add name="phoenix_html" spec="file:deps/phoenix_html" args=["phoenix_html","file:deps/phoenix_html"]
75 verbose parsed url { protocol: 'file:',
75 verbose parsed url   slashes: null,
75 verbose parsed url   auth: null,
75 verbose parsed url   host: null,
75 verbose parsed url   port: null,
75 verbose parsed url   hostname: null,
75 verbose parsed url   hash: null,
75 verbose parsed url   search: null,
75 verbose parsed url   query: null,
75 verbose parsed url   pathname: 'deps/phoenix_html',
75 verbose parsed url   path: 'deps/phoenix_html',
75 verbose parsed url   href: 'file:deps/phoenix_html' }
76 verbose addNamed [ 'phoenix_html', 'file:deps/phoenix_html' ]
77 verbose addNamed [ null, null ]
78 silly lockFile 3d88e48d-enix-html-file-deps-phoenix-html phoenix_html@file:deps/phoenix_html
79 verbose lock phoenix_html@file:deps/phoenix_html /home/karthik/.npm/3d88e48d-enix-html-file-deps-phoenix-html.lock
80 silly addNameRange { name: 'babel-brunch',
80 silly addNameRange   range: '>=6.0.0-0 <6.1.0-0',
80 silly addNameRange   hasData: false }
81 silly addNameRange { name: 'brunch', range: '>=2.1.3-0 <2.2.0-0', hasData: false }
82 silly addNameRange { name: 'css-brunch',
82 silly addNameRange   range: '>=1.7.0-0 <1.8.0-0',
82 silly addNameRange   hasData: false }
83 silly addNameRange { name: 'javascript-brunch',
83 silly addNameRange   range: '>=1.8.0-0 <1.9.0-0',
83 silly addNameRange   hasData: false }
84 silly addNameRange { name: 'clean-css-brunch',
84 silly addNameRange   range: '>=1.8.0-0 <1.9.0-0',
84 silly addNameRange   hasData: false }
85 silly addNameRange { name: 'uglify-js-brunch',
85 silly addNameRange   range: '>=1.7.0-0 <1.8.0-0',
85 silly addNameRange   hasData: false }
86 info addNameTag [ 'phoenix', 'file:deps/phoenix' ]
87 info addNameTag [ 'phoenix_html', 'file:deps/phoenix_html' ]
88 verbose url raw babel-brunch
89 verbose url resolving [ 'https://registry.npmjs.org/', './babel-brunch' ]
90 verbose url resolved https://registry.npmjs.org/babel-brunch
91 info trying registry request attempt 1 at 14:39:29
92 verbose etag "6UDF2GRX43BIZTQ9772DRSL2T"
93 http GET https://registry.npmjs.org/babel-brunch
94 verbose url raw brunch
95 verbose url resolving [ 'https://registry.npmjs.org/', './brunch' ]
96 verbose url resolved https://registry.npmjs.org/brunch
97 info trying registry request attempt 1 at 14:39:29
98 verbose etag "629Q83WXOD1OK53NVREE7BBLN"
99 http GET https://registry.npmjs.org/brunch
100 verbose url raw css-brunch
101 verbose url resolving [ 'https://registry.npmjs.org/', './css-brunch' ]
102 verbose url resolved https://registry.npmjs.org/css-brunch
103 info trying registry request attempt 1 at 14:39:29
104 verbose etag "3MLMEF015LTF3ST910NBEPF6Z"
105 http GET https://registry.npmjs.org/css-brunch
106 verbose url raw javascript-brunch
107 verbose url resolving [ 'https://registry.npmjs.org/', './javascript-brunch' ]
108 verbose url resolved https://registry.npmjs.org/javascript-brunch
109 info trying registry request attempt 1 at 14:39:29
110 verbose etag "29I869TOMAOKBX6F9X34ADN83"
111 http GET https://registry.npmjs.org/javascript-brunch
112 verbose url raw clean-css-brunch
113 verbose url resolving [ 'https://registry.npmjs.org/', './clean-css-brunch' ]
114 verbose url resolved https://registry.npmjs.org/clean-css-brunch
115 info trying registry request attempt 1 at 14:39:29
116 verbose etag "5MPZPCMAI74IWZRADCMJFIHZW"
117 http GET https://registry.npmjs.org/clean-css-brunch
118 verbose url raw uglify-js-brunch
119 verbose url resolving [ 'https://registry.npmjs.org/', './uglify-js-brunch' ]
120 verbose url resolved https://registry.npmjs.org/uglify-js-brunch
121 info trying registry request attempt 1 at 14:39:29
122 verbose etag "13FU9J8Y5W216UTLU2ZRS4T4M"
123 http GET https://registry.npmjs.org/uglify-js-brunch
124 verbose url raw phoenix
125 verbose url resolving [ 'https://registry.npmjs.org/', './phoenix' ]
126 verbose url resolved https://registry.npmjs.org/phoenix
127 info trying registry request attempt 1 at 14:39:29
128 verbose etag "3KWLGPJF5U3RDJTFGVX0954C8"
129 http GET https://registry.npmjs.org/phoenix
130 verbose url raw phoenix_html
131 verbose url resolving [ 'https://registry.npmjs.org/', './phoenix_html' ]
132 verbose url resolved https://registry.npmjs.org/phoenix_html
133 info trying registry request attempt 1 at 14:39:29
134 http GET https://registry.npmjs.org/phoenix_html
135 http 304 https://registry.npmjs.org/babel-brunch
136 silly registry.get cb [ 304,
136 silly registry.get   { date: 'Wed, 17 Feb 2016 09:09:30 GMT',
136 silly registry.get     via: '1.1 varnish',
136 silly registry.get     'cache-control': 'max-age=300',
136 silly registry.get     etag: '"6UDF2GRX43BIZTQ9772DRSL2T"',
136 silly registry.get     age: '244',
136 silly registry.get     connection: 'keep-alive',
136 silly registry.get     'x-served-by': 'cache-sin6920-SIN',
136 silly registry.get     'x-cache': 'HIT',
136 silly registry.get     'x-cache-hits': '1',
136 silly registry.get     'x-timer': 'S1455700170.442775,VS0,VE0',
136 silly registry.get     vary: 'Accept' } ]
137 verbose etag babel-brunch from cache
138 http 304 https://registry.npmjs.org/brunch
139 silly registry.get cb [ 304,
139 silly registry.get   { date: 'Wed, 17 Feb 2016 09:09:30 GMT',
139 silly registry.get     via: '1.1 varnish',
139 silly registry.get     'cache-control': 'max-age=300',
139 silly registry.get     etag: '"629Q83WXOD1OK53NVREE7BBLN"',
139 silly registry.get     age: '244',
139 silly registry.get     connection: 'keep-alive',
139 silly registry.get     'x-served-by': 'cache-sin6920-SIN',
139 silly registry.get     'x-cache': 'HIT',
139 silly registry.get     'x-cache-hits': '1',
139 silly registry.get     'x-timer': 'S1455700170.448180,VS0,VE0',
139 silly registry.get     vary: 'Accept' } ]
140 verbose etag brunch from cache
141 silly addNameRange number 2 { name: 'babel-brunch',
141 silly addNameRange   range: '>=6.0.0-0 <6.1.0-0',
141 silly addNameRange   hasData: true }
142 silly addNameRange versions [ 'babel-brunch',
142 silly addNameRange   [ '4.0.0', '5.0.0', '5.0.1', '5.1.0', '5.1.1', '5.1.2', '6.0.0' ] ]
143 verbose addNamed [ 'babel-brunch', '6.0.0' ]
144 verbose addNamed [ '6.0.0', '6.0.0' ]
145 silly lockFile 06e49e6d-babel-brunch-6-0-0 babel-brunch@6.0.0
146 verbose lock babel-brunch@6.0.0 /home/karthik/.npm/06e49e6d-babel-brunch-6-0-0.lock
147 silly addNameRange number 2 { name: 'brunch', range: '>=2.1.3-0 <2.2.0-0', hasData: true }
148 silly addNameRange versions [ 'brunch',
148 silly addNameRange   [ '0.0.1',
148 silly addNameRange     '0.0.2',
148 silly addNameRange     '0.0.3',
148 silly addNameRange     '0.0.4',
148 silly addNameRange     '0.0.5',
148 silly addNameRange     '0.0.6',
148 silly addNameRange     '0.0.7',
148 silly addNameRange     '0.0.8',
148 silly addNameRange     '0.1.0',
148 silly addNameRange     '0.1.1',
148 silly addNameRange     '0.1.3',
148 silly addNameRange     '0.1.4',
148 silly addNameRange     '0.1.5',
148 silly addNameRange     '0.1.6',
148 silly addNameRange     '0.1.7',
148 silly addNameRange     '0.1.8',
148 silly addNameRange     '0.1.9',
148 silly addNameRange     '0.2.0',
148 silly addNameRange     '0.2.1',
148 silly addNameRange     '0.2.2',
148 silly addNameRange     '0.2.3',
148 silly addNameRange     '0.2.4',
148 silly addNameRange     '0.2.6',
148 silly addNameRange     '0.2.7',
148 silly addNameRange     '0.2.8',
148 silly addNameRange     '0.3.0',
148 silly addNameRange     '0.3.1',
148 silly addNameRange     '0.3.2',
148 silly addNameRange     '0.3.4',
148 silly addNameRange     '0.3.5',
148 silly addNameRange     '0.3.6',
148 silly addNameRange     '0.3.7',
148 silly addNameRange     '0.4.0',
148 silly addNameRange     '0.4.1',
148 silly addNameRange     '0.4.2',
148 silly addNameRange     '0.4.3',
148 silly addNameRange     '0.4.4',
148 silly addNameRange     '0.4.5',
148 silly addNameRange     '0.5.1',
148 silly addNameRange     '0.5.2',
148 silly addNameRange     '0.5.3',
148 silly addNameRange     '0.5.4',
148 silly addNameRange     '0.5.5',
148 silly addNameRange     '0.5.6',
148 silly addNameRange     '0.6.0',
148 silly addNameRange     '0.6.1',
148 silly addNameRange     '0.6.2',
148 silly addNameRange     '0.7.0',
148 silly addNameRange     '0.7.1',
148 silly addNameRange     '0.7.2',
148 silly addNameRange     '0.7.3',
148 silly addNameRange     '0.7.4',
148 silly addNameRange     '0.8.0',
148 silly addNameRange     '0.8.1',
148 silly addNameRange     '0.9.0-beta1',
148 silly addNameRange     '0.9.0',
148 silly addNameRange     '0.9.1',
148 silly addNameRange     '1.0.0',
148 silly addNameRange     '1.0.1',
148 silly addNameRange     '1.0.2',
148 silly addNameRange     '1.0.3',
148 silly addNameRange     '1.1.0',
148 silly addNameRange     '1.1.1',
148 silly addNameRange     '1.1.2',
148 silly addNameRange     '1.2.0',
148 silly addNameRange     '1.2.1',
148 silly addNameRange     '1.2.2',
148 silly addNameRange     '1.3.0',
148 silly addNameRange     '1.3.1',
148 silly addNameRange     '1.3.2',
148 silly addNameRange     '1.3.3',
148 silly addNameRange     '1.3.4',
148 silly addNameRange     '1.4.0',
148 silly addNameRange     '1.4.1',
148 silly addNameRange     '1.4.2',
148 silly addNameRange     '1.4.3',
148 silly addNameRange     '1.4.4',
148 silly addNameRange     '1.4.5',
148 silly addNameRange     '1.5.0',
148 silly addNameRange     '1.5.1',
148 silly addNameRange     '1.5.2',
148 silly addNameRange     '1.5.3',
148 silly addNameRange     '1.5.4',
148 silly addNameRange     '1.6.0',
148 silly addNameRange     '1.6.1',
148 silly addNameRange     '1.6.2',
148 silly addNameRange     '1.6.3',
148 silly addNameRange     '1.6.4',
148 silly addNameRange     '1.6.5',
148 silly addNameRange     '1.6.6',
148 silly addNameRange     '1.6.7',
148 silly addNameRange     '1.7.0',
148 silly addNameRange     '1.7.1',
148 silly addNameRange     '1.7.2',
148 silly addNameRange     '1.7.3',
148 silly addNameRange     '1.7.4',
148 silly addNameRange     '1.7.5',
148 silly addNameRange     '1.7.6',
148 silly addNameRange     '1.7.7',
148 silly addNameRange     '1.7.8',
148 silly addNameRange     '1.7.9',
148 silly addNameRange     '1.7.10',
148 silly addNameRange     '1.7.12',
148 silly addNameRange     '1.7.13',
148 silly addNameRange     '1.7.14',
148 silly addNameRange     '1.7.15',
148 silly addNameRange     '1.7.16',
148 silly addNameRange     '1.7.17',
148 silly addNameRange     '1.7.18',
148 silly addNameRange     '1.7.19',
148 silly addNameRange     '1.7.20',
148 silly addNameRange     '1.8.0',
148 silly addNameRange     '1.8.1',
148 silly addNameRange     '1.8.2',
148 silly addNameRange     '1.8.3',
148 silly addNameRange     '1.8.4',
148 silly addNameRange     '1.8.5',
148 silly addNameRange     '2.0.0',
148 silly addNameRange     '2.0.1',
148 silly addNameRange     '2.0.2',
148 silly addNameRange     '2.0.3',
148 silly addNameRange     '2.0.4',
148 silly addNameRange     '2.1.0',
148 silly addNameRange     '2.1.1',
148 silly addNameRange     '2.1.2',
148 silly addNameRange     '2.1.3',
148 silly addNameRange     '2.2.0',
148 silly addNameRange     '2.2.1',
148 silly addNameRange     '2.2.2',
148 silly addNameRange     '2.2.3',
148 silly addNameRange     '2.3.0' ] ]
149 verbose addNamed [ 'brunch', '2.1.3' ]
150 verbose addNamed [ '2.1.3', '2.1.3' ]
151 silly lockFile deb19202-brunch-2-1-3 brunch@2.1.3
152 verbose lock brunch@2.1.3 /home/karthik/.npm/deb19202-brunch-2-1-3.lock
153 silly lockFile 06e49e6d-babel-brunch-6-0-0 babel-brunch@6.0.0
154 silly lockFile 06e49e6d-babel-brunch-6-0-0 babel-brunch@6.0.0
155 silly lockFile deb19202-brunch-2-1-3 brunch@2.1.3
156 silly lockFile deb19202-brunch-2-1-3 brunch@2.1.3
157 silly lockFile 6b74a846-babel-brunch-6-0-0 babel-brunch@~6.0.0
158 silly lockFile 6b74a846-babel-brunch-6-0-0 babel-brunch@~6.0.0
159 silly lockFile ae899708-brunch-2-1-3 brunch@~2.1.3
160 silly lockFile ae899708-brunch-2-1-3 brunch@~2.1.3
161 http 304 https://registry.npmjs.org/javascript-brunch
162 silly registry.get cb [ 304,
162 silly registry.get   { date: 'Wed, 17 Feb 2016 09:09:30 GMT',
162 silly registry.get     via: '1.1 varnish',
162 silly registry.get     'cache-control': 'max-age=300',
162 silly registry.get     etag: '"29I869TOMAOKBX6F9X34ADN83"',
162 silly registry.get     age: '0',
162 silly registry.get     connection: 'keep-alive',
162 silly registry.get     'x-served-by': 'cache-sin6926-SIN',
162 silly registry.get     'x-cache': 'HIT',
162 silly registry.get     'x-cache-hits': '1',
162 silly registry.get     'x-timer': 'S1455700170.459438,VS0,VE258',
162 silly registry.get     vary: 'Accept' } ]
163 verbose etag javascript-brunch from cache
164 http 304 https://registry.npmjs.org/phoenix
165 silly registry.get cb [ 304,
165 silly registry.get   { date: 'Wed, 17 Feb 2016 09:09:30 GMT',
165 silly registry.get     via: '1.1 varnish',
165 silly registry.get     'cache-control': 'max-age=300',
165 silly registry.get     etag: '"3KWLGPJF5U3RDJTFGVX0954C8"',
165 silly registry.get     age: '245',
165 silly registry.get     connection: 'keep-alive',
165 silly registry.get     'x-served-by': 'cache-sin6920-SIN',
165 silly registry.get     'x-cache': 'HIT',
165 silly registry.get     'x-cache-hits': '1',
165 silly registry.get     'x-timer': 'S1455700170.720538,VS0,VE0',
165 silly registry.get     vary: 'Accept' } ]
166 verbose etag phoenix from cache
167 silly addNameRange number 2 { name: 'javascript-brunch',
167 silly addNameRange   range: '>=1.8.0-0 <1.9.0-0',
167 silly addNameRange   hasData: true }
168 silly addNameRange versions [ 'javascript-brunch',
168 silly addNameRange   [ '1.0.0',
168 silly addNameRange     '1.1.0',
168 silly addNameRange     '1.1.1',
168 silly addNameRange     '1.3.0',
168 silly addNameRange     '1.5.0',
168 silly addNameRange     '1.5.1',
168 silly addNameRange     '1.6.0',
168 silly addNameRange     '1.7.0',
168 silly addNameRange     '1.7.1',
168 silly addNameRange     '1.8.0',
168 silly addNameRange     '2.0.0' ] ]
169 verbose addNamed [ 'javascript-brunch', '1.8.0' ]
170 verbose addNamed [ '1.8.0', '1.8.0' ]
171 silly lockFile a03396de-javascript-brunch-1-8-0 javascript-brunch@1.8.0
172 verbose lock javascript-brunch@1.8.0 /home/karthik/.npm/a03396de-javascript-brunch-1-8-0.lock
173 info maybeGithub Attempting file:deps/phoenix from git://github.com/file:deps/phoenix
174 silly lockFile 6d5f9840-git-github-com-file-deps-phoenix git://github.com/file:deps/phoenix
175 verbose lock git://github.com/file:deps/phoenix /home/karthik/.npm/6d5f9840-git-github-com-file-deps-phoenix.lock
176 http 304 https://registry.npmjs.org/css-brunch
177 silly registry.get cb [ 304,
177 silly registry.get   { date: 'Wed, 17 Feb 2016 09:09:30 GMT',
177 silly registry.get     via: '1.1 varnish',
177 silly registry.get     'cache-control': 'max-age=300',
177 silly registry.get     etag: '"3MLMEF015LTF3ST910NBEPF6Z"',
177 silly registry.get     age: '0',
177 silly registry.get     connection: 'keep-alive',
177 silly registry.get     'x-served-by': 'cache-sin6923-SIN',
177 silly registry.get     'x-cache': 'HIT',
177 silly registry.get     'x-cache-hits': '1',
177 silly registry.get     'x-timer': 'S1455700170.470824,VS0,VE257',
177 silly registry.get     vary: 'Accept' } ]
178 verbose etag css-brunch from cache
179 verbose addRemoteGit [ 'git://github.com/file:deps/phoenix', 'master' ]
180 silly addNameRange number 2 { name: 'css-brunch',
180 silly addNameRange   range: '>=1.7.0-0 <1.8.0-0',
180 silly addNameRange   hasData: true }
181 silly addNameRange versions [ 'css-brunch',
181 silly addNameRange   [ '1.0.0',
181 silly addNameRange     '1.1.0',
181 silly addNameRange     '1.1.1',
181 silly addNameRange     '1.3.0',
181 silly addNameRange     '1.5.0',
181 silly addNameRange     '1.5.1',
181 silly addNameRange     '1.6.0',
181 silly addNameRange     '1.7.0',
181 silly addNameRange     '2.0.0' ] ]
182 verbose addNamed [ 'css-brunch', '1.7.0' ]
183 verbose addNamed [ '1.7.0', '1.7.0' ]
184 silly lockFile c3390392-css-brunch-1-7-0 css-brunch@1.7.0
185 verbose lock css-brunch@1.7.0 /home/karthik/.npm/c3390392-css-brunch-1-7-0.lock
186 silly lockFile a03396de-javascript-brunch-1-8-0 javascript-brunch@1.8.0
187 silly lockFile a03396de-javascript-brunch-1-8-0 javascript-brunch@1.8.0
188 silly lockFile e65a8e02-javascript-brunch-1-8-0 javascript-brunch@~1.8.0
189 silly lockFile e65a8e02-javascript-brunch-1-8-0 javascript-brunch@~1.8.0
190 silly lockFile c3390392-css-brunch-1-7-0 css-brunch@1.7.0
191 silly lockFile c3390392-css-brunch-1-7-0 css-brunch@1.7.0
192 silly lockFile 37226b7f-css-brunch-1-7-0 css-brunch@~1.7.0
193 silly lockFile 37226b7f-css-brunch-1-7-0 css-brunch@~1.7.0
194 http 304 https://registry.npmjs.org/clean-css-brunch
195 silly registry.get cb [ 304,
195 silly registry.get   { date: 'Wed, 17 Feb 2016 09:09:30 GMT',
195 silly registry.get     via: '1.1 varnish',
195 silly registry.get     'cache-control': 'max-age=300',
195 silly registry.get     etag: '"5MPZPCMAI74IWZRADCMJFIHZW"',
195 silly registry.get     age: '0',
195 silly registry.get     connection: 'keep-alive',
195 silly registry.get     'x-served-by': 'cache-sin6923-SIN',
195 silly registry.get     'x-cache': 'MISS',
195 silly registry.get     'x-cache-hits': '0',
195 silly registry.get     'x-timer': 'S1455700170.548320,VS0,VE204',
195 silly registry.get     vary: 'Accept' } ]
196 verbose etag clean-css-brunch from cache
197 silly addNameRange number 2 { name: 'clean-css-brunch',
197 silly addNameRange   range: '>=1.8.0-0 <1.9.0-0',
197 silly addNameRange   hasData: true }
198 silly addNameRange versions [ 'clean-css-brunch',
198 silly addNameRange   [ '1.0.0',
198 silly addNameRange     '1.1.0',
198 silly addNameRange     '1.1.1',
198 silly addNameRange     '1.3.0',
198 silly addNameRange     '1.4.0',
198 silly addNameRange     '1.5.0',
198 silly addNameRange     '1.5.1',
198 silly addNameRange     '1.6.0',
198 silly addNameRange     '1.7.0',
198 silly addNameRange     '1.7.1',
198 silly addNameRange     '1.7.2',
198 silly addNameRange     '1.8.0',
198 silly addNameRange     '2.0.0' ] ]
199 verbose addNamed [ 'clean-css-brunch', '1.8.0' ]
200 verbose addNamed [ '1.8.0', '1.8.0' ]
201 silly lockFile ad3a297f-clean-css-brunch-1-8-0 clean-css-brunch@1.8.0
202 verbose lock clean-css-brunch@1.8.0 /home/karthik/.npm/ad3a297f-clean-css-brunch-1-8-0.lock
203 silly lockFile ad3a297f-clean-css-brunch-1-8-0 clean-css-brunch@1.8.0
204 silly lockFile ad3a297f-clean-css-brunch-1-8-0 clean-css-brunch@1.8.0
205 silly lockFile ce351c63-clean-css-brunch-1-8-0 clean-css-brunch@~1.8.0
206 silly lockFile ce351c63-clean-css-brunch-1-8-0 clean-css-brunch@~1.8.0
207 http 304 https://registry.npmjs.org/uglify-js-brunch
208 silly registry.get cb [ 304,
208 silly registry.get   { date: 'Wed, 17 Feb 2016 09:09:30 GMT',
208 silly registry.get     via: '1.1 varnish',
208 silly registry.get     'cache-control': 'max-age=300',
208 silly registry.get     etag: '"13FU9J8Y5W216UTLU2ZRS4T4M"',
208 silly registry.get     age: '0',
208 silly registry.get     connection: 'keep-alive',
208 silly registry.get     'x-served-by': 'cache-sin6920-SIN',
208 silly registry.get     'x-cache': 'HIT',
208 silly registry.get     'x-cache-hits': '1',
208 silly registry.get     'x-timer': 'S1455700170.718196,VS0,VE239',
208 silly registry.get     vary: 'Accept' } ]
209 verbose etag uglify-js-brunch from cache
210 silly addNameRange number 2 { name: 'uglify-js-brunch',
210 silly addNameRange   range: '>=1.7.0-0 <1.8.0-0',
210 silly addNameRange   hasData: true }
211 silly addNameRange versions [ 'uglify-js-brunch',
211 silly addNameRange   [ '1.0.0',
211 silly addNameRange     '1.1.0',
211 silly addNameRange     '1.1.1',
211 silly addNameRange     '1.3.0',
211 silly addNameRange     '1.3.1',
211 silly addNameRange     '1.5.0',
211 silly addNameRange     '1.5.1',
211 silly addNameRange     '1.7.0',
211 silly addNameRange     '1.7.1',
211 silly addNameRange     '1.7.2',
211 silly addNameRange     '1.7.3',
211 silly addNameRange     '1.7.4',
211 silly addNameRange     '1.7.5',
211 silly addNameRange     '1.7.6',
211 silly addNameRange     '1.7.7',
211 silly addNameRange     '1.7.8',
211 silly addNameRange     '2.0.0',
211 silly addNameRange     '2.0.1' ] ]
212 verbose addNamed [ 'uglify-js-brunch', '1.7.8' ]
213 verbose addNamed [ '1.7.8', '1.7.8' ]
214 silly lockFile cd6b0dc2-uglify-js-brunch-1-7-8 uglify-js-brunch@1.7.8
215 verbose lock uglify-js-brunch@1.7.8 /home/karthik/.npm/cd6b0dc2-uglify-js-brunch-1-7-8.lock
216 silly lockFile cd6b0dc2-uglify-js-brunch-1-7-8 uglify-js-brunch@1.7.8
217 silly lockFile cd6b0dc2-uglify-js-brunch-1-7-8 uglify-js-brunch@1.7.8
218 silly lockFile 1e79e113-uglify-js-brunch-1-7-0 uglify-js-brunch@~1.7.0
219 silly lockFile 1e79e113-uglify-js-brunch-1-7-0 uglify-js-brunch@~1.7.0
220 verbose git clone git://github.com/file:deps/phoenix Cloning into bare repository '/home/karthik/.npm/_git-remotes/git-github-com-file-deps-phoenix-6d5f9840'...
220 verbose git clone git://github.com/file:deps/phoenix fatal: remote error:
220 verbose git clone git://github.com/file:deps/phoenix   file:deps/phoenix is not a valid repository name
220 verbose git clone git://github.com/file:deps/phoenix   Email support@github.com for help
221 silly lockFile 6d5f9840-git-github-com-file-deps-phoenix git://github.com/file:deps/phoenix
222 silly lockFile 6d5f9840-git-github-com-file-deps-phoenix git://github.com/file:deps/phoenix
223 info maybeGithub Attempting file:deps/phoenix from git+ssh://git@github.com:file:deps/phoenix
224 silly lockFile 93144fb2-git-github-com-file-deps-phoenix git+ssh://git@github.com:file:deps/phoenix
225 verbose lock git+ssh://git@github.com:file:deps/phoenix /home/karthik/.npm/93144fb2-git-github-com-file-deps-phoenix.lock
226 verbose addRemoteGit [ 'git@github.com:file:deps/phoenix', 'master' ]
227 http 404 https://registry.npmjs.org/phoenix_html
228 silly registry.get cb [ 404,
228 silly registry.get   { 'content-type': 'application/json',
228 silly registry.get     'cache-control': 'max-age=0',
228 silly registry.get     'content-length': '2',
228 silly registry.get     'accept-ranges': 'bytes',
228 silly registry.get     date: 'Wed, 17 Feb 2016 09:09:31 GMT',
228 silly registry.get     via: '1.1 varnish',
228 silly registry.get     age: '0',
228 silly registry.get     connection: 'keep-alive',
228 silly registry.get     'x-served-by': 'cache-sin6926-SIN',
228 silly registry.get     'x-cache': 'MISS',
228 silly registry.get     'x-cache-hits': '0',
228 silly registry.get     'x-timer': 'S1455700170.997834,VS0,VE814' } ]
229 error TypeError: Object.keys called on non-object
229 error     at Function.keys (native)
229 error     at installTargetsError (/usr/share/npm/lib/cache.js:708:24)
229 error     at /usr/share/npm/lib/cache.js:638:10
229 error     at saved (/usr/share/npm/node_modules/npm-registry-client/lib/get.js:142:7)
229 error     at /usr/lib/nodejs/graceful-fs/polyfills.js:133:7
229 error     at Object.oncomplete (fs.js:107:15)
230 error If you need help, you may report this log at:
230 error     <http://github.com/isaacs/npm/issues>
230 error or email it to:
230 error     <npm-@googlegroups.com>
231 error System Linux 3.13.0-38-generic
232 error command "/usr/bin/nodejs" "/usr/bin/npm" "install"
233 error cwd /home/karthik/5/hello_phoenix/hello_phoenix
234 error node -v v0.10.25
235 error npm -v 1.3.10
236 error type called_on_non_object
237 verbose exit [ 1, true ]
